0 info it worked if it ends with ok
1 verbose cli [ 'C:\\Program Files\\nodejs\\node.exe',
1 verbose cli   'C:\\Program Files\\nodejs\\node_modules\\npm\\bin\\npm-cli.js',
1 verbose cli   'install',
1 verbose cli   'sleep' ]
2 info using npm@2.15.9
3 info using node@v4.6.1
4 verbose install initial load of D:\GitHub\KStockServer\package.json
5 warn package.json temp_and_humi_sensor@1.0.0 No repository field.
6 verbose installManyTop reading scoped package data from D:\GitHub\KStockServer\node_modules\body-parser\package.json
7 verbose installManyTop reading scoped package data from D:\GitHub\KStockServer\node_modules\bufferhelper\package.json
8 verbose installManyTop reading scoped package data from D:\GitHub\KStockServer\node_modules\cheerio\package.json
9 verbose installManyTop reading scoped package data from D:\GitHub\KStockServer\node_modules\cheerio-tableparser\package.json
10 verbose installManyTop reading scoped package data from D:\GitHub\KStockServer\node_modules\com\package.json
11 verbose installManyTop reading scoped package data from D:\GitHub\KStockServer\node_modules\ejs\package.json
12 verbose installManyTop reading scoped package data from D:\GitHub\KStockServer\node_modules\express\package.json
13 verbose installManyTop reading scoped package data from D:\GitHub\KStockServer\node_modules\fs\package.json
14 verbose installManyTop reading scoped package data from D:\GitHub\KStockServer\node_modules\iconv-lite\package.json
15 verbose installManyTop reading scoped package data from D:\GitHub\KStockServer\node_modules\moment\package.json
16 verbose installManyTop reading scoped package data from D:\GitHub\KStockServer\node_modules\mongoose\package.json
17 verbose installManyTop reading scoped package data from D:\GitHub\KStockServer\node_modules\node-mutex\package.json
18 verbose installManyTop reading scoped package data from D:\GitHub\KStockServer\node_modules\node-schedule\package.json
19 verbose installManyTop reading scoped package data from D:\GitHub\KStockServer\node_modules\os\package.json
20 verbose installManyTop reading scoped package data from D:\GitHub\KStockServer\node_modules\path\package.json
21 verbose installManyTop reading scoped package data from D:\GitHub\KStockServer\node_modules\replaceall\package.json
22 verbose installManyTop reading scoped package data from D:\GitHub\KStockServer\node_modules\request\package.json
23 verbose installManyTop reading scoped package data from D:\GitHub\KStockServer\node_modules\wait.for\package.json
24 info package.json fs@0.0.1-security fs is also the name of a node core module.
25 info package.json node-mutex@0.2.2 No license field.
26 info package.json os@0.1.1 os is also the name of a node core module.
27 info package.json path@0.12.7 path is also the name of a node core module.
28 info package.json replaceall@0.1.6 No license field.
29 info package.json wait.for@0.6.6 license should be a valid SPDX license expression
30 info package.json com@0.0.5 No license field.
31 verbose readDependencies loading dependencies from D:\GitHub\KStockServer\package.json
32 silly cache add args [ 'sleep', null ]
33 verbose cache add spec sleep
34 silly cache add parsed spec Result {
34 silly cache add   raw: 'sleep',
34 silly cache add   scope: null,
34 silly cache add   name: 'sleep',
34 silly cache add   rawSpec: '',
34 silly cache add   spec: 'latest',
34 silly cache add   type: 'tag' }
35 silly addNamed sleep@latest
36 verbose addNamed "latest" is being treated as a dist-tag for sleep
37 info addNameTag [ 'sleep', 'latest' ]
38 silly mapToRegistry name sleep
39 silly mapToRegistry using default registry
40 silly mapToRegistry registry https://registry.npmjs.org/
41 silly mapToRegistry data Result {
41 silly mapToRegistry   raw: 'sleep',
41 silly mapToRegistry   scope: null,
41 silly mapToRegistry   name: 'sleep',
41 silly mapToRegistry   rawSpec: '',
41 silly mapToRegistry   spec: 'latest',
41 silly mapToRegistry   type: 'tag' }
42 silly mapToRegistry uri https://registry.npmjs.org/sleep
43 verbose addNameTag registry:https://registry.npmjs.org/sleep not in flight; fetching
44 verbose request uri https://registry.npmjs.org/sleep
45 verbose request no auth needed
46 info attempt registry request try #1 at 2:54:25 AM
47 verbose request id bccd785acd5e1cdc
48 verbose etag W/"58e8540c-56d9"
49 verbose lastModified Sat, 08 Apr 2017 03:07:56 GMT
50 http request GET https://registry.npmjs.org/sleep
51 http 304 https://registry.npmjs.org/sleep
52 verbose headers { date: 'Sun, 16 Apr 2017 18:54:27 GMT',
52 verbose headers   via: '1.1 varnish',
52 verbose headers   'cache-control': 'max-age=300',
52 verbose headers   etag: 'W/"58e8540c-56d9"',
52 verbose headers   age: '0',
52 verbose headers   connection: 'keep-alive',
52 verbose headers   'x-served-by': 'cache-itm7426-ITM',
52 verbose headers   'x-cache': 'HIT',
52 verbose headers   'x-cache-hits': '1',
52 verbose headers   'x-timer': 'S1492368868.894589,VS0,VE563',
52 verbose headers   vary: 'Accept-Encoding' }
53 silly get cb [ 304,
53 silly get   { date: 'Sun, 16 Apr 2017 18:54:27 GMT',
53 silly get     via: '1.1 varnish',
53 silly get     'cache-control': 'max-age=300',
53 silly get     etag: 'W/"58e8540c-56d9"',
53 silly get     age: '0',
53 silly get     connection: 'keep-alive',
53 silly get     'x-served-by': 'cache-itm7426-ITM',
53 silly get     'x-cache': 'HIT',
53 silly get     'x-cache-hits': '1',
53 silly get     'x-timer': 'S1492368868.894589,VS0,VE563',
53 silly get     vary: 'Accept-Encoding' } ]
54 verbose etag https://registry.npmjs.org/sleep from cache
55 verbose get saving sleep to C:\Users\WWK\AppData\Roaming\npm-cache\registry.npmjs.org\sleep\.cache.json
56 verbose correctMkdir C:\Users\WWK\AppData\Roaming\npm-cache correctMkdir not in flight; initializing
57 silly addNameTag next cb for sleep with tag latest
58 silly addNamed sleep@5.1.1
59 verbose addNamed "5.1.1" is a plain semver version for sleep
60 silly cache afterAdd sleep@5.1.1
61 verbose afterAdd C:\Users\WWK\AppData\Roaming\npm-cache\sleep\5.1.1\package\package.json not in flight; writing
62 verbose correctMkdir C:\Users\WWK\AppData\Roaming\npm-cache correctMkdir not in flight; initializing
63 verbose afterAdd C:\Users\WWK\AppData\Roaming\npm-cache\sleep\5.1.1\package\package.json written
64 silly install resolved [ { name: 'sleep',
64 silly install resolved     version: '5.1.1',
64 silly install resolved     main: 'index.js',
64 silly install resolved     description: 'Add sleep() and usleep() to nodejs',
64 silly install resolved     homepage: 'http://github.com/erikdubbelboer/node-sleep',
64 silly install resolved     author: { name: 'Erik Dubbelboer', email: 'erik@dubbelboer.com' },
64 silly install resolved     license: 'MIT',
64 silly install resolved     scripts: { test: 'mocha', install: 'node-gyp rebuild' },
64 silly install resolved     engines: { node: '>=0.8.0' },
64 silly install resolved     keywords: [ 'sleep', 'usleep' ],
64 silly install resolved     repository:
64 silly install resolved      { type: 'git',
64 silly install resolved        url: 'git+https://github.com/erikdubbelboer/node-sleep.git' },
64 silly install resolved     dependencies: { nan: '>=2.5.1' },
64 silly install resolved     devDependencies: { mocha: '^3.0.2' },
64 silly install resolved     gypfile: true,
64 silly install resolved     gitHead: '156e7d85c12263561934348ffd19b01c623f9e8c',
64 silly install resolved     bugs: { url: 'https://github.com/erikdubbelboer/node-sleep/issues' },
64 silly install resolved     _id: 'sleep@5.1.1',
64 silly install resolved     _shasum: '878fa1d44d08eeb0f26fb2018ef8629eb1a3ab94',
64 silly install resolved     _from: 'sleep@latest',
64 silly install resolved     _npmVersion: '1.4.28',
64 silly install resolved     _npmUser: { name: 'erikdubbelboer', email: 'erik@dubbelboer.com' },
64 silly install resolved     maintainers: [ [Object] ],
64 silly install resolved     dist:
64 silly install resolved      { shasum: '878fa1d44d08eeb0f26fb2018ef8629eb1a3ab94',
64 silly install resolved        tarball: 'https://registry.npmjs.org/sleep/-/sleep-5.1.1.tgz' },
64 silly install resolved     _npmOperationalInternal:
64 silly install resolved      { host: 'packages-18-east.internal.npmjs.com',
64 silly install resolved        tmp: 'tmp/sleep-5.1.1.tgz_1491620875703_0.4401540560647845' },
64 silly install resolved     directories: {},
64 silly install resolved     _resolved: 'https://registry.npmjs.org/sleep/-/sleep-5.1.1.tgz',
64 silly install resolved     readme: 'ERROR: No README data found!' } ]
65 info install sleep@5.1.1 into D:\GitHub\KStockServer
66 info installOne sleep@5.1.1
67 verbose installOne of sleep to D:\GitHub\KStockServer not in flight; installing
68 verbose correctMkdir C:\Users\WWK\AppData\Roaming\npm-cache\_locks correctMkdir not in flight; initializing
69 verbose lock using C:\Users\WWK\AppData\Roaming\npm-cache\_locks\sleep-e3f73e18818ae7a5.lock for D:\GitHub\KStockServer\node_modules\sleep
70 silly install write writing sleep 5.1.1 to D:\GitHub\KStockServer\node_modules\sleep
71 verbose unbuild node_modules\sleep
72 silly gentlyRm D:\GitHub\KStockServer\node_modules\sleep is being purged from base D:\GitHub\KStockServer
73 verbose gentlyRm don't care about contents; nuking D:\GitHub\KStockServer\node_modules\sleep
74 verbose tar unpack C:\Users\WWK\AppData\Roaming\npm-cache\sleep\5.1.1\package.tgz
75 verbose tar unpacking to D:\GitHub\KStockServer\node_modules\sleep
76 silly gentlyRm D:\GitHub\KStockServer\node_modules\sleep is being purged
77 verbose gentlyRm don't care about contents; nuking D:\GitHub\KStockServer\node_modules\sleep
78 silly gunzTarPerm modes [ '777', '666' ]
79 silly gunzTarPerm extractEntry package.json
80 silly gunzTarPerm modified mode [ 'package.json', 436, 438 ]
81 silly gunzTarPerm extractEntry .npmignore
82 silly gunzTarPerm modified mode [ '.npmignore', 436, 438 ]
83 silly gunzTarPerm extractEntry README.md
84 silly gunzTarPerm modified mode [ 'README.md', 436, 438 ]
85 silly gunzTarPerm extractEntry test.js
86 silly gunzTarPerm modified mode [ 'test.js', 436, 438 ]
87 silly gunzTarPerm extractEntry index.js
88 silly gunzTarPerm modified mode [ 'index.js', 436, 438 ]
89 silly gunzTarPerm extractEntry LICENSE.txt
90 silly gunzTarPerm modified mode [ 'LICENSE.txt', 436, 438 ]
91 silly gunzTarPerm extractEntry sleep.cc
92 silly gunzTarPerm modified mode [ 'sleep.cc', 436, 438 ]
93 silly gunzTarPerm extractEntry binding.gyp
94 silly gunzTarPerm modified mode [ 'binding.gyp', 436, 438 ]
95 verbose write writing to D:\GitHub\KStockServer\node_modules\sleep\package.json
96 info preinstall sleep@5.1.1
97 verbose readDependencies loading dependencies from D:\GitHub\KStockServer\node_modules\sleep\package.json
98 silly prepareForInstallMany adding nan@>=2.5.1 from sleep dependencies
99 verbose readDependencies loading dependencies from D:\GitHub\KStockServer\node_modules\sleep\package.json
100 silly cache add args [ 'nan@>=2.5.1', null ]
101 verbose cache add spec nan@>=2.5.1
102 silly cache add parsed spec Result {
102 silly cache add   raw: 'nan@>=2.5.1',
102 silly cache add   scope: null,
102 silly cache add   name: 'nan',
102 silly cache add   rawSpec: '>=2.5.1',
102 silly cache add   spec: '>=2.5.1',
102 silly cache add   type: 'range' }
103 silly addNamed nan@>=2.5.1
104 verbose addNamed ">=2.5.1" is a valid semver range for nan
105 silly addNameRange { name: 'nan', range: '>=2.5.1', hasData: false }
106 silly mapToRegistry name nan
107 silly mapToRegistry using default registry
108 silly mapToRegistry registry https://registry.npmjs.org/
109 silly mapToRegistry data Result {
109 silly mapToRegistry   raw: 'nan',
109 silly mapToRegistry   scope: null,
109 silly mapToRegistry   name: 'nan',
109 silly mapToRegistry   rawSpec: '',
109 silly mapToRegistry   spec: 'latest',
109 silly mapToRegistry   type: 'tag' }
110 silly mapToRegistry uri https://registry.npmjs.org/nan
111 verbose addNameRange registry:https://registry.npmjs.org/nan not in flight; fetching
112 verbose request uri https://registry.npmjs.org/nan
113 verbose request no auth needed
114 info attempt registry request try #1 at 2:54:27 AM
115 verbose etag W/"58ee904e-1f9bf"
116 verbose lastModified Wed, 12 Apr 2017 20:38:38 GMT
117 http request GET https://registry.npmjs.org/nan
118 http 200 https://registry.npmjs.org/nan
119 verbose headers { server: 'nginx/1.4.6 (Ubuntu)',
119 verbose headers   'content-type': 'application/json',
119 verbose headers   'last-modified': 'Wed, 12 Apr 2017 20:38:38 GMT',
119 verbose headers   'content-encoding': 'gzip',
119 verbose headers   'cache-control': 'max-age=300',
119 verbose headers   'content-length': '15200',
119 verbose headers   'accept-ranges': 'bytes',
119 verbose headers   date: 'Sun, 16 Apr 2017 18:54:28 GMT',
119 verbose headers   via: '1.1 varnish',
119 verbose headers   age: '173',
119 verbose headers   connection: 'keep-alive',
119 verbose headers   'x-served-by': 'cache-itm7426-ITM',
119 verbose headers   'x-cache': 'HIT',
119 verbose headers   'x-cache-hits': '1',
119 verbose headers   'x-timer': 'S1492368869.725208,VS0,VE1',
119 verbose headers   vary: 'Accept-Encoding' }
120 silly get cb [ 200,
120 silly get   { server: 'nginx/1.4.6 (Ubuntu)',
120 silly get     'content-type': 'application/json',
120 silly get     'last-modified': 'Wed, 12 Apr 2017 20:38:38 GMT',
120 silly get     'content-encoding': 'gzip',
120 silly get     'cache-control': 'max-age=300',
120 silly get     'content-length': '15200',
120 silly get     'accept-ranges': 'bytes',
120 silly get     date: 'Sun, 16 Apr 2017 18:54:28 GMT',
120 silly get     via: '1.1 varnish',
120 silly get     age: '173',
120 silly get     connection: 'keep-alive',
120 silly get     'x-served-by': 'cache-itm7426-ITM',
120 silly get     'x-cache': 'HIT',
120 silly get     'x-cache-hits': '1',
120 silly get     'x-timer': 'S1492368869.725208,VS0,VE1',
120 silly get     vary: 'Accept-Encoding' } ]
121 verbose get saving nan to C:\Users\WWK\AppData\Roaming\npm-cache\registry.npmjs.org\nan\.cache.json
122 verbose correctMkdir C:\Users\WWK\AppData\Roaming\npm-cache correctMkdir not in flight; initializing
123 silly addNameRange number 2 { name: 'nan', range: '>=2.5.1', hasData: true }
124 silly addNameRange versions [ 'nan',
124 silly addNameRange   [ '0.3.0-wip',
124 silly addNameRange     '0.3.0-wip2',
124 silly addNameRange     '0.3.0',
124 silly addNameRange     '0.3.1',
124 silly addNameRange     '0.3.2',
124 silly addNameRange     '0.4.0',
124 silly addNameRange     '0.4.1',
124 silly addNameRange     '0.4.2',
124 silly addNameRange     '0.4.3',
124 silly addNameRange     '0.4.4',
124 silly addNameRange     '0.5.0',
124 silly addNameRange     '0.5.1',
124 silly addNameRange     '0.5.2',
124 silly addNameRange     '0.6.0',
124 silly addNameRange     '0.7.0',
124 silly addNameRange     '0.7.1',
124 silly addNameRange     '0.8.0',
124 silly addNameRange     '1.0.0',
124 silly addNameRange     '1.1.0',
124 silly addNameRange     '1.1.1',
124 silly addNameRange     '1.1.2',
124 silly addNameRange     '1.2.0',
124 silly addNameRange     '1.3.0',
124 silly addNameRange     '1.4.0',
124 silly addNameRange     '1.4.1',
124 silly addNameRange     '1.5.0',
124 silly addNameRange     '1.4.2',
124 silly addNameRange     '1.4.3',
124 silly addNameRange     '1.5.1',
124 silly addNameRange     '1.5.2',
124 silly addNameRange     '1.6.0',
124 silly addNameRange     '1.5.3',
124 silly addNameRange     '1.6.1',
124 silly addNameRange     '1.6.2',
124 silly addNameRange     '1.7.0',
124 silly addNameRange     '1.8.0',
124 silly addNameRange     '1.8.1',
124 silly addNameRange     '1.8.2',
124 silly addNameRange     '1.8.3',
124 silly addNameRange     '1.8.4',
124 silly addNameRange     '1.9.0',
124 silly addNameRange     '2.0.0',
124 silly addNameRange     '2.0.1',
124 silly addNameRange     '2.0.2',
124 silly addNameRange     '2.0.3',
124 silly addNameRange     '2.0.4',
124 silly addNameRange     '2.0.5',
124 silly addNameRange     '2.0.6',
124 silly addNameRange     '2.0.7',
124 silly addNameRange     '2.0.8',
124 silly addNameRange     '2.0.9',
124 silly addNameRange     '2.1.0',
124 silly addNameRange     '2.2.0',
124 silly addNameRange     '2.2.1',
124 silly addNameRange     '2.3.0',
124 silly addNameRange     '2.3.1',
124 silly addNameRange     '2.3.2',
124 silly addNameRange     '2.3.3',
124 silly addNameRange     '2.3.4',
124 silly addNameRange     '2.3.5',
124 silly addNameRange     '2.4.0',
124 silly addNameRange     '2.5.0',
124 silly addNameRange     '2.5.1',
124 silly addNameRange     '2.6.0',
124 silly addNameRange     '2.6.1',
124 silly addNameRange     '2.6.2' ] ]
125 silly addNamed nan@2.6.2
126 verbose addNamed "2.6.2" is a plain semver version for nan
127 silly cache afterAdd nan@2.6.2
128 verbose afterAdd C:\Users\WWK\AppData\Roaming\npm-cache\nan\2.6.2\package\package.json not in flight; writing
129 verbose correctMkdir C:\Users\WWK\AppData\Roaming\npm-cache correctMkdir not in flight; initializing
130 verbose afterAdd C:\Users\WWK\AppData\Roaming\npm-cache\nan\2.6.2\package\package.json written
131 silly install resolved [ { name: 'nan',
131 silly install resolved     version: '2.6.2',
131 silly install resolved     description: 'Native Abstractions for Node.js: C++ header for Node 0.8 -> 7 compatibility',
131 silly install resolved     main: 'include_dirs.js',
131 silly install resolved     repository: { type: 'git', url: 'git://github.com/nodejs/nan.git' },
131 silly install resolved     scripts:
131 silly install resolved      { test: 'tap --gc --stderr test/js/*-test.js',
131 silly install resolved        'rebuild-tests': 'node-gyp rebuild --msvs_version=2013 --directory test',
131 silly install resolved        docs: 'doc/.build.sh' },
131 silly install resolved     contributors:
131 silly install resolved      [ [Object],
131 silly install resolved        [Object],
131 silly install resolved        [Object],
131 silly install resolved        [Object],
131 silly install resolved        [Object],
131 silly install resolved        [Object],
131 silly install resolved        [Object],
131 silly install resolved        [Object] ],
131 silly install resolved     devDependencies:
131 silly install resolved      { bindings: '~1.2.1',
131 silly install resolved        commander: '^2.8.1',
131 silly install resolved        glob: '^5.0.14',
131 silly install resolved        'node-gyp': '~3.0.1',
131 silly install resolved        'readable-stream': '^2.1.4',
131 silly install resolved        tap: '~0.7.1',
131 silly install resolved        xtend: '~4.0.0' },
131 silly install resolved     license: 'MIT',
131 silly install resolved     gitHead: 'f0b2f64c1e5317888f2e12fdefb2f105e7018552',
131 silly install resolved     bugs: { url: 'https://github.com/nodejs/nan/issues' },
131 silly install resolved     homepage: 'https://github.com/nodejs/nan#readme',
131 silly install resolved     _id: 'nan@2.6.2',
131 silly install resolved     _shasum: 'e4ff34e6c95fdfb5aecc08de6596f43605a7db45',
131 silly install resolved     _from: 'nan@>=2.5.1',
131 silly install resolved     _npmVersion: '4.1.2',
131 silly install resolved     _nodeVersion: '7.5.0',
131 silly install resolved     _npmUser: { name: 'kkoopa', email: 'bbyholm@abo.fi' },
131 silly install resolved     dist:
131 silly install resolved      { shasum: 'e4ff34e6c95fdfb5aecc08de6596f43605a7db45',
131 silly install resolved        tarball: 'https://registry.npmjs.org/nan/-/nan-2.6.2.tgz' },
131 silly install resolved     maintainers: [ [Object], [Object] ],
131 silly install resolved     _npmOperationalInternal:
131 silly install resolved      { host: 'packages-12-west.internal.npmjs.com',
131 silly install resolved        tmp: 'tmp/nan-2.6.2.tgz_1492029516320_0.2352329883724451' },
131 silly install resolved     directories: {},
131 silly install resolved     _resolved: 'https://registry.npmjs.org/nan/-/nan-2.6.2.tgz',
131 silly install resolved     readme: 'ERROR: No README data found!' } ]
132 info install nan@2.6.2 into D:\GitHub\KStockServer\node_modules\sleep
133 info installOne nan@2.6.2
134 verbose installOne of nan to D:\GitHub\KStockServer\node_modules\sleep not in flight; installing
135 verbose correctMkdir C:\Users\WWK\AppData\Roaming\npm-cache\_locks correctMkdir not in flight; initializing
136 verbose lock using C:\Users\WWK\AppData\Roaming\npm-cache\_locks\nan-bfe53848cec703bf.lock for D:\GitHub\KStockServer\node_modules\sleep\node_modules\nan
137 silly install write writing nan 2.6.2 to D:\GitHub\KStockServer\node_modules\sleep\node_modules\nan
138 verbose unbuild node_modules\sleep\node_modules\nan
139 silly gentlyRm D:\GitHub\KStockServer\node_modules\sleep\node_modules\nan is being purged from base D:\GitHub\KStockServer
140 verbose gentlyRm don't care about contents; nuking D:\GitHub\KStockServer\node_modules\sleep\node_modules\nan
141 verbose tar unpack C:\Users\WWK\AppData\Roaming\npm-cache\nan\2.6.2\package.tgz
142 verbose tar unpacking to D:\GitHub\KStockServer\node_modules\sleep\node_modules\nan
143 silly gentlyRm D:\GitHub\KStockServer\node_modules\sleep\node_modules\nan is being purged
144 verbose gentlyRm don't care about contents; nuking D:\GitHub\KStockServer\node_modules\sleep\node_modules\nan
145 silly gunzTarPerm modes [ '777', '666' ]
146 silly gunzTarPerm extractEntry package.json
147 silly gunzTarPerm modified mode [ 'package.json', 436, 438 ]
148 silly gunzTarPerm extractEntry README.md
149 silly gunzTarPerm modified mode [ 'README.md', 436, 438 ]
150 silly gunzTarPerm extractEntry include_dirs.js
151 silly gunzTarPerm modified mode [ 'include_dirs.js', 436, 438 ]
152 silly gunzTarPerm extractEntry nan_converters_43_inl.h
153 silly gunzTarPerm modified mode [ 'nan_converters_43_inl.h', 436, 438 ]
154 silly gunzTarPerm extractEntry LICENSE.md
155 silly gunzTarPerm modified mode [ 'LICENSE.md', 436, 438 ]
156 silly gunzTarPerm extractEntry doc/new.md
157 silly gunzTarPerm modified mode [ 'doc/new.md', 436, 438 ]
158 silly gunzTarPerm extractEntry doc/asyncworker.md
159 silly gunzTarPerm modified mode [ 'doc/asyncworker.md', 436, 438 ]
160 silly gunzTarPerm extractEntry doc/callback.md
161 silly gunzTarPerm modified mode [ 'doc/callback.md', 436, 438 ]
162 silly gunzTarPerm extractEntry doc/converters.md
163 silly gunzTarPerm modified mode [ 'doc/converters.md', 436, 438 ]
164 silly gunzTarPerm extractEntry doc/errors.md
165 silly gunzTarPerm modified mode [ 'doc/errors.md', 436, 438 ]
166 silly gunzTarPerm extractEntry doc/json.md
167 silly gunzTarPerm modified mode [ 'doc/json.md', 436, 438 ]
168 silly gunzTarPerm extractEntry doc/maybe_types.md
169 silly gunzTarPerm modified mode [ 'doc/maybe_types.md', 436, 438 ]
170 silly gunzTarPerm extractEntry doc/methods.md
171 silly gunzTarPerm modified mode [ 'doc/methods.md', 436, 438 ]
172 silly gunzTarPerm extractEntry doc/buffers.md
173 silly gunzTarPerm modified mode [ 'doc/buffers.md', 436, 438 ]
174 silly gunzTarPerm extractEntry doc/node_misc.md
175 silly gunzTarPerm modified mode [ 'doc/node_misc.md', 436, 438 ]
176 silly gunzTarPerm extractEntry doc/object_wrappers.md
177 silly gunzTarPerm modified mode [ 'doc/object_wrappers.md', 436, 438 ]
178 silly gunzTarPerm extractEntry doc/persistent.md
179 silly gunzTarPerm modified mode [ 'doc/persistent.md', 436, 438 ]
180 silly gunzTarPerm extractEntry doc/scopes.md
181 silly gunzTarPerm modified mode [ 'doc/scopes.md', 436, 438 ]
182 silly gunzTarPerm extractEntry doc/script.md
183 silly gunzTarPerm modified mode [ 'doc/script.md', 436, 438 ]
184 silly gunzTarPerm extractEntry doc/string_bytes.md
185 silly gunzTarPerm modified mode [ 'doc/string_bytes.md', 436, 438 ]
186 silly gunzTarPerm extractEntry doc/v8_internals.md
187 silly gunzTarPerm modified mode [ 'doc/v8_internals.md', 436, 438 ]
188 silly gunzTarPerm extractEntry doc/v8_misc.md
189 silly gunzTarPerm modified mode [ 'doc/v8_misc.md', 436, 438 ]
190 silly gunzTarPerm extractEntry nan.h
191 silly gunzTarPerm modified mode [ 'nan.h', 436, 438 ]
192 silly gunzTarPerm extractEntry nan_callbacks.h
193 silly gunzTarPerm modified mode [ 'nan_callbacks.h', 436, 438 ]
194 silly gunzTarPerm extractEntry nan_callbacks_12_inl.h
195 silly gunzTarPerm modified mode [ 'nan_callbacks_12_inl.h', 436, 438 ]
196 silly gunzTarPerm extractEntry nan_callbacks_pre_12_inl.h
197 silly gunzTarPerm modified mode [ 'nan_callbacks_pre_12_inl.h', 436, 438 ]
198 silly gunzTarPerm extractEntry nan_converters.h
199 silly gunzTarPerm modified mode [ 'nan_converters.h', 436, 438 ]
200 silly gunzTarPerm extractEntry nan_converters_pre_43_inl.h
201 silly gunzTarPerm modified mode [ 'nan_converters_pre_43_inl.h', 436, 438 ]
202 silly gunzTarPerm extractEntry nan_implementation_12_inl.h
203 silly gunzTarPerm modified mode [ 'nan_implementation_12_inl.h', 436, 438 ]
204 silly gunzTarPerm extractEntry nan_implementation_pre_12_inl.h
205 silly gunzTarPerm modified mode [ 'nan_implementation_pre_12_inl.h', 436, 438 ]
206 silly gunzTarPerm extractEntry nan_json.h
207 silly gunzTarPerm modified mode [ 'nan_json.h', 436, 438 ]
208 silly gunzTarPerm extractEntry nan_maybe_43_inl.h
209 silly gunzTarPerm modified mode [ 'nan_maybe_43_inl.h', 436, 438 ]
210 silly gunzTarPerm extractEntry nan_maybe_pre_43_inl.h
211 silly gunzTarPerm modified mode [ 'nan_maybe_pre_43_inl.h', 436, 438 ]
212 silly gunzTarPerm extractEntry nan_new.h
213 silly gunzTarPerm modified mode [ 'nan_new.h', 436, 438 ]
214 silly gunzTarPerm extractEntry nan_object_wrap.h
215 silly gunzTarPerm modified mode [ 'nan_object_wrap.h', 436, 438 ]
216 silly gunzTarPerm extractEntry nan_persistent_12_inl.h
217 silly gunzTarPerm modified mode [ 'nan_persistent_12_inl.h', 436, 438 ]
218 silly gunzTarPerm extractEntry nan_persistent_pre_12_inl.h
219 silly gunzTarPerm modified mode [ 'nan_persistent_pre_12_inl.h', 436, 438 ]
220 silly gunzTarPerm extractEntry nan_private.h
221 silly gunzTarPerm modified mode [ 'nan_private.h', 436, 438 ]
222 silly gunzTarPerm extractEntry nan_string_bytes.h
223 silly gunzTarPerm modified mode [ 'nan_string_bytes.h', 436, 438 ]
224 silly gunzTarPerm extractEntry nan_typedarray_contents.h
225 silly gunzTarPerm modified mode [ 'nan_typedarray_contents.h', 436, 438 ]
226 silly gunzTarPerm extractEntry nan_weak.h
227 silly gunzTarPerm modified mode [ 'nan_weak.h', 436, 438 ]
228 silly gunzTarPerm extractEntry CHANGELOG.md
229 silly gunzTarPerm modified mode [ 'CHANGELOG.md', 436, 438 ]
230 silly gunzTarPerm extractEntry tools/package.json
231 silly gunzTarPerm modified mode [ 'tools/package.json', 436, 438 ]
232 silly gunzTarPerm extractEntry tools/README.md
233 silly gunzTarPerm modified mode [ 'tools/README.md', 436, 438 ]
234 silly gunzTarPerm extractEntry tools/1to2.js
235 silly gunzTarPerm modified mode [ 'tools/1to2.js', 509, 511 ]
236 verbose write writing to D:\GitHub\KStockServer\node_modules\sleep\node_modules\nan\package.json
237 info preinstall nan@2.6.2
238 verbose readDependencies loading dependencies from D:\GitHub\KStockServer\node_modules\sleep\node_modules\nan\package.json
239 verbose readDependencies loading dependencies from D:\GitHub\KStockServer\node_modules\sleep\node_modules\nan\package.json
240 silly install resolved []
241 verbose about to build D:\GitHub\KStockServer\node_modules\sleep\node_modules\nan
242 info build D:\GitHub\KStockServer\node_modules\sleep\node_modules\nan
243 info linkStuff nan@2.6.2
244 silly linkStuff nan@2.6.2 has D:\GitHub\KStockServer\node_modules\sleep\node_modules as its parent node_modules
245 verbose linkBins nan@2.6.2
246 verbose linkMans nan@2.6.2
247 verbose rebuildBundles nan@2.6.2
248 info install nan@2.6.2
249 info postinstall nan@2.6.2
250 verbose unlock done using C:\Users\WWK\AppData\Roaming\npm-cache\_locks\nan-bfe53848cec703bf.lock for D:\GitHub\KStockServer\node_modules\sleep\node_modules\nan
251 verbose about to build D:\GitHub\KStockServer\node_modules\sleep
252 info build D:\GitHub\KStockServer\node_modules\sleep
253 info linkStuff sleep@5.1.1
254 silly linkStuff sleep@5.1.1 has D:\GitHub\KStockServer\node_modules as its parent node_modules
255 verbose linkBins sleep@5.1.1
256 verbose linkMans sleep@5.1.1
257 verbose rebuildBundles sleep@5.1.1
258 verbose rebuildBundles [ 'nan' ]
259 info install sleep@5.1.1
260 verbose unsafe-perm in lifecycle true
261 info sleep@5.1.1 Failed to exec install script
262 verbose unlock done using C:\Users\WWK\AppData\Roaming\npm-cache\_locks\sleep-e3f73e18818ae7a5.lock for D:\GitHub\KStockServer\node_modules\sleep
263 verbose stack Error: sleep@5.1.1 install: `node-gyp rebuild`
263 verbose stack Exit status 1
263 verbose stack     at EventEmitter.<anonymous> (C:\Program Files\nodejs\node_modules\npm\lib\utils\lifecycle.js:217:16)
263 verbose stack     at emitTwo (events.js:87:13)
263 verbose stack     at EventEmitter.emit (events.js:172:7)
263 verbose stack     at ChildProcess.<anonymous> (C:\Program Files\nodejs\node_modules\npm\lib\utils\spawn.js:24:14)
263 verbose stack     at emitTwo (events.js:87:13)
263 verbose stack     at ChildProcess.emit (events.js:172:7)
263 verbose stack     at maybeClose (internal/child_process.js:829:16)
263 verbose stack     at Process.ChildProcess._handle.onexit (internal/child_process.js:211:5)
264 verbose pkgid sleep@5.1.1
265 verbose cwd D:\GitHub\KStockServer
266 error Windows_NT 6.1.7601
267 error argv "C:\\Program Files\\nodejs\\node.exe" "C:\\Program Files\\nodejs\\node_modules\\npm\\bin\\npm-cli.js" "install" "sleep"
268 error node v4.6.1
269 error npm  v2.15.9
270 error code ELIFECYCLE
271 error sleep@5.1.1 install: `node-gyp rebuild`
271 error Exit status 1
272 error Failed at the sleep@5.1.1 install script 'node-gyp rebuild'.
272 error This is most likely a problem with the sleep package,
272 error not with npm itself.
272 error Tell the author that this fails on your system:
272 error     node-gyp rebuild
272 error You can get information on how to open an issue for this project with:
272 error     npm bugs sleep
272 error Or if that isn't available, you can get their info via:
272 error
272 error     npm owner ls sleep
272 error There is likely additional logging output above.
273 verbose exit [ 1, true ]
274 verbose unbuild node_modules\sleep
275 info preuninstall sleep@5.1.1
276 info uninstall sleep@5.1.1
277 verbose unbuild rmStuff sleep@5.1.1 from D:\GitHub\KStockServer\node_modules
278 info postuninstall sleep@5.1.1
279 silly gentlyRm D:\GitHub\KStockServer\node_modules\sleep is being purged from base D:\GitHub\KStockServer
280 verbose gentlyRm don't care about contents; nuking D:\GitHub\KStockServer\node_modules\sleep
281 silly vacuum-fs purging D:\GitHub\KStockServer\node_modules\sleep
282 silly vacuum-fs quitting because other entries in D:\GitHub\KStockServer\node_modules
